#
# There is insufficient memory for the Java Runtime Environment to continue.
# Native memory allocation (malloc) failed to allocate 1209296 bytes for Chunk::new
# Possible reasons:
#   The system is out of physical RAM or swap space
#   The process is running with CompressedOops enabled, and the Java Heap may be blocking the growth of the native heap
# Possible solutions:
#   Reduce memory load on the system
#   Increase physical memory or swap space
#   Check if swap backing store is full
#   Decrease Java heap size (-Xmx/-Xms)
#   Decrease number of Java threads
#   Decrease Java thread stack sizes (-Xss)
#   Set larger code cache with -XX:ReservedCodeCacheSize=
#   JVM is running with Unscaled Compressed Oops mode in which the Java heap is
#     placed in the first 4GB address space. The Java Heap base address is the
#     maximum limit for the native heap growth. Please use -XX:HeapBaseMinAddress
#     to set the Java Heap base and to place the Java Heap above 4GB virtual address.
# This output file may be truncated or incomplete.
#
#  Out of Memory Error (./src/hotspot/share/memory/arena.cpp:197), pid=21720, tid=14988
#
# JRE version: OpenJDK Runtime Environment (11.0.12+7) (build 11.0.12+7-b1504.28-7817840)
# Java VM: OpenJDK 64-Bit Server VM (11.0.12+7-b1504.28-7817840, mixed mode, tiered, compressed oops, g1 gc, windows-amd64)
# No core dump will be written. Minidumps are not enabled by default on client versions of Windows
#

---------------  S U M M A R Y ------------

Command Line: --add-opens=java.base/java.util=ALL-UNNAMED --add-opens=java.base/java.lang=ALL-UNNAMED --add-opens=java.base/java.lang.invoke=ALL-UNNAMED --add-opens=java.base/java.util=ALL-UNNAMED --add-opens=java.prefs/java.util.prefs=ALL-UNNAMED --add-opens=java.prefs/java.util.prefs=ALL-UNNAMED --add-opens=java.base/java.nio.charset=ALL-UNNAMED --add-opens=java.base/java.net=ALL-UNNAMED --add-opens=java.base/java.util.concurrent.atomic=ALL-UNNAMED -Xmx2048m -Dfile.encoding=UTF-8 -Duser.country=US -Duser.language=en -Duser.variant org.gradle.launcher.daemon.bootstrap.GradleDaemon 7.3

Host: Intel(R) Core(TM) i5-8250U CPU @ 1.60GHz, 8 cores, 7G,  Windows 10 , 64 bit Build 19041 (10.0.19041.1503)
Time: Thu Feb 17 19:56:34 2022 Eastern Standard Time elapsed time: 5.945452 seconds (0d 0h 0m 5s)

---------------  T H R E A D  ---------------

Current thread (0x000001a52ca09800):  JavaThread "C2 CompilerThread0" daemon [_thread_in_native, id=14988, stack(0x00000073ab500000,0x00000073ab600000)]


Current CompileTask:
C2:   5945 3552       4       groovy.lang.MetaClassImpl$1MOPIter::methodNameAction (325 bytes)

Stack: [0x00000073ab500000,0x00000073ab600000]
Native frames: (J=compiled Java code, j=interpreted, Vv=VM code, C=native code)
V  [jvm.dll+0x5fbcea]
V  [jvm.dll+0x731905]
V  [jvm.dll+0x732f1d]
V  [jvm.dll+0x7335d3]
V  [jvm.dll+0x247bf8]
V  [jvm.dll+0xc018c]
V  [jvm.dll+0xc06cc]
V  [jvm.dll+0x35b31d]
V  [jvm.dll+0x19cebc]
V  [jvm.dll+0x20070e]
V  [jvm.dll+0x1ff794]
V  [jvm.dll+0x18868c]
V  [jvm.dll+0x20e0d7]
V  [jvm.dll+0x20c901]
V  [jvm.dll+0x6f9b7f]
V  [jvm.dll+0x6f26a5]
V  [jvm.dll+0x5fabf6]
C  [ucrtbase.dll+0x21bb2]
C  [KERNEL32.DLL+0x17034]
C  [ntdll.dll+0x52651]


---------------  P R O C E S S  ---------------

Threads class SMR info:
_java_thread_list=0x000001a530481670, length=36, elements={
0x000001a5113fb800, 0x000001a52c071000, 0x000001a52c074000, 0x000001a52ca02800,
0x000001a52ca04800, 0x000001a52ca06000, 0x000001a52ca09800, 0x000001a52c090800,
0x000001a52c095800, 0x000001a52cb52800, 0x000001a52eb6e000, 0x000001a52cdcf800,
0x000001a52ec63000, 0x000001a52e860800, 0x000001a52fe15000, 0x000001a52eeb9800,
0x000001a52d9c3000, 0x000001a52ec92000, 0x000001a52e97a000, 0x000001a52e930800,
0x000001a52e933000, 0x000001a52f107000, 0x000001a52e92f000, 0x000001a52e930000,
0x000001a52e932800, 0x000001a52e935800, 0x000001a52e931800, 0x000001a52e934000,
0x000001a52e934800, 0x000001a53023f800, 0x000001a53023e800, 0x000001a530240000,
0x000001a53023d800, 0x000001a53023a800, 0x000001a53023b800, 0x000001a530242000
}

Java Threads: ( => current thread )
  0x000001a5113fb800 JavaThread "main" [_thread_blocked, id=11032, stack(0x00000073aa900000,0x00000073aaa00000)]
  0x000001a52c071000 JavaThread "Reference Handler" daemon [_thread_blocked, id=18900, stack(0x00000073ab000000,0x00000073ab100000)]
  0x000001a52c074000 JavaThread "Finalizer" daemon [_thread_blocked, id=12268, stack(0x00000073ab100000,0x00000073ab200000)]
  0x000001a52ca02800 JavaThread "Signal Dispatcher" daemon [_thread_blocked, id=18992, stack(0x00000073ab200000,0x00000073ab300000)]
  0x000001a52ca04800 JavaThread "Attach Listener" daemon [_thread_blocked, id=4204, stack(0x00000073ab300000,0x00000073ab400000)]
  0x000001a52ca06000 JavaThread "Service Thread" daemon [_thread_blocked, id=11424, stack(0x00000073ab400000,0x00000073ab500000)]
=>0x000001a52ca09800 JavaThread "C2 CompilerThread0" daemon [_thread_in_native, id=14988, stack(0x00000073ab500000,0x00000073ab600000)]
  0x000001a52c090800 JavaThread "C1 CompilerThread0" daemon [_thread_blocked, id=12564, stack(0x00000073ab600000,0x00000073ab700000)]
  0x000001a52c095800 JavaThread "Sweeper thread" daemon [_thread_blocked, id=1700, stack(0x00000073ab700000,0x00000073ab800000)]
  0x000001a52cb52800 JavaThread "Common-Cleaner" daemon [_thread_blocked, id=11768, stack(0x00000073ab800000,0x00000073ab900000)]
  0x000001a52eb6e000 JavaThread "Daemon health stats" [_thread_blocked, id=20424, stack(0x00000073abe00000,0x00000073abf00000)]
  0x000001a52cdcf800 JavaThread "Incoming local TCP Connector on port 50224" [_thread_in_native, id=16784, stack(0x00000073aba00000,0x00000073abb00000)]
  0x000001a52ec63000 JavaThread "Daemon periodic checks" [_thread_blocked, id=22012, stack(0x00000073abb00000,0x00000073abc00000)]
  0x000001a52e860800 JavaThread "Daemon" [_thread_blocked, id=2696, stack(0x00000073abf00000,0x00000073ac000000)]
  0x000001a52fe15000 JavaThread "Handler for socket connection from /127.0.0.1:50224 to /127.0.0.1:50225" [_thread_in_native, id=19868, stack(0x00000073ac000000,0x00000073ac100000)]
  0x000001a52eeb9800 JavaThread "Cancel handler" [_thread_blocked, id=1152, stack(0x00000073ac100000,0x00000073ac200000)]
  0x000001a52d9c3000 JavaThread "Daemon worker" [_thread_in_vm, id=10208, stack(0x00000073ac200000,0x00000073ac300000)]
  0x000001a52ec92000 JavaThread "C2 CompilerThread1" daemon [_thread_in_native, id=21404, stack(0x00000073ac300000,0x00000073ac400000)]
  0x000001a52e97a000 JavaThread "Asynchronous log dispatcher for DefaultDaemonConnection: socket connection from /127.0.0.1:50224 to /127.0.0.1:50225" [_thread_blocked, id=10372, stack(0x00000073ac400000,0x00000073ac500000)]
  0x000001a52e930800 JavaThread "Stdin handler" [_thread_blocked, id=21560, stack(0x00000073ac500000,0x00000073ac600000)]
  0x000001a52e933000 JavaThread "Daemon client event forwarder" [_thread_blocked, id=21356, stack(0x00000073ac600000,0x00000073ac700000)]
  0x000001a52f107000 JavaThread "C2 CompilerThread2" daemon [_thread_in_native, id=1296, stack(0x00000073ac700000,0x00000073ac800000)]
  0x000001a52e92f000 JavaThread "Cache worker for journal cache (C:\Users\Serah Busu Sanga\.gradle\caches\journal-1)" [_thread_blocked, id=13848, stack(0x00000073acd00000,0x00000073ace00000)]
  0x000001a52e930000 JavaThread "File lock request listener" [_thread_in_native, id=10156, stack(0x00000073ace00000,0x00000073acf00000)]
  0x000001a52e932800 JavaThread "Cache worker for file hash cache (C:\Users\Serah Busu Sanga\.gradle\caches\7.3\fileHashes)" [_thread_blocked, id=14824, stack(0x00000073acf00000,0x00000073ad000000)]
  0x000001a52e935800 JavaThread "Cache worker for file hash cache (C:\Users\Serah Busu Sanga\AndroidStudioProjects\Assignment4\.gradle\7.3\fileHashes)" [_thread_blocked, id=9140, stack(0x00000073ad100000,0x00000073ad200000)]
  0x000001a52e931800 JavaThread "File watcher server" daemon [_thread_in_native, id=2956, stack(0x00000073ad200000,0x00000073ad300000)]
  0x000001a52e934000 JavaThread "File watcher consumer" daemon [_thread_blocked, id=2488, stack(0x00000073ad300000,0x00000073ad400000)]
  0x000001a52e934800 JavaThread "Cache worker for checksums cache (C:\Users\Serah Busu Sanga\AndroidStudioProjects\Assignment4\.gradle\7.3\checksums)" [_thread_blocked, id=16556, stack(0x00000073ad400000,0x00000073ad500000)]
  0x000001a53023f800 JavaThread "Cache worker for cache directory md-supplier (C:\Users\Serah Busu Sanga\.gradle\caches\7.3\md-supplier)" [_thread_blocked, id=20808, stack(0x00000073ad500000,0x00000073ad600000)]
  0x000001a53023e800 JavaThread "Cache worker for cache directory md-rule (C:\Users\Serah Busu Sanga\.gradle\caches\7.3\md-rule)" [_thread_blocked, id=15032, stack(0x00000073ad600000,0x00000073ad700000)]
  0x000001a530240000 JavaThread "Cache worker for execution history cache (C:\Users\Serah Busu Sanga\.gradle\caches\7.3\executionHistory)" [_thread_blocked, id=18416, stack(0x00000073ad700000,0x00000073ad800000)]
  0x000001a53023d800 JavaThread "jar transforms" [_thread_blocked, id=17268, stack(0x00000073ad800000,0x00000073ad900000)]
  0x000001a53023a800 JavaThread "Cache worker for file content cache (C:\Users\Serah Busu Sanga\.gradle\caches\7.3\fileContent)" [_thread_blocked, id=17664, stack(0x00000073ad900000,0x00000073ada00000)]
  0x000001a53023b800 JavaThread "jar transforms Thread 2" [_thread_blocked, id=6784, stack(0x00000073ada00000,0x00000073adb00000)]
  0x000001a530242000 JavaThread "Cache worker for dependencies-accessors (C:\Users\Serah Busu Sanga\AndroidStudioProjects\Assignment4\.gradle\7.3\dependencies-accessors)" [_thread_blocked, id=8076, stack(0x00000073adb00000,0x00000073adc00000)]

Other Threads:
  0x000001a52c06f000 VMThread "VM Thread" [stack: 0x00000073aaf00000,0x00000073ab000000] [id=15112]
  0x000001a52cb75800 WatcherThread [stack: 0x00000073ab900000,0x00000073aba00000] [id=14060]
  0x000001a511412800 GCTaskThread "GC Thread#0" [stack: 0x00000073aaa00000,0x00000073aab00000] [id=15220]
  0x000001a52d990000 GCTaskThread "GC Thread#1" [stack: 0x00000073abc00000,0x00000073abd00000] [id=22000]
  0x000001a52d13f800 GCTaskThread "GC Thread#2" [stack: 0x00000073abd00000,0x00000073abe00000] [id=19976]
  0x000001a52e95f800 GCTaskThread "GC Thread#3" [stack: 0x00000073ac800000,0x00000073ac900000] [id=9808]
  0x000001a52eab8800 GCTaskThread "GC Thread#4" [stack: 0x00000073ac900000,0x00000073aca00000] [id=15864]
  0x000001a52ecd1000 GCTaskThread "GC Thread#5" [stack: 0x00000073aca00000,0x00000073acb00000] [id=8732]
  0x000001a52ed30800 GCTaskThread "GC Thread#6" [stack: 0x00000073acb00000,0x00000073acc00000] [id=19476]
  0x000001a52ea5c000 GCTaskThread "GC Thread#7" [stack: 0x00000073acc00000,0x00000073acd00000] [id=16896]
  0x000001a511446000 ConcurrentGCThread "G1 Main Marker" [stack: 0x00000073aab00000,0x00000073aac00000] [id=3704]
  0x000001a511447000 ConcurrentGCThread "G1 Conc#0" [stack: 0x00000073aac00000,0x00000073aad00000] [id=19864]
  0x000001a52dede800 ConcurrentGCThread "G1 Conc#1" [stack: 0x00000073ad000000,0x00000073ad100000] [id=21660]
  0x000001a52bec0800 ConcurrentGCThread "G1 Refine#0" [stack: 0x00000073aad00000,0x00000073aae00000] [id=15492]
  0x000001a52bec1800 ConcurrentGCThread "G1 Young RemSet Sampling" [stack: 0x00000073aae00000,0x00000073aaf00000] [id=11520]

Threads with active compile tasks:
C2 CompilerThread0   5985 3552       4       groovy.lang.MetaClassImpl$1MOPIter::methodNameAction (325 bytes)
C2 CompilerThread1   5985 3644       4       java.lang.Class::copyMethods (36 bytes)
C2 CompilerThread2   5985 3550       4       org.codehaus.groovy.runtime.metaclass.MetaMethodIndex::addMethodToList (131 bytes)

VM state:not at safepoint (normal execution)

VM Mutex/Monitor currently owned by a thread: None

Heap address: 0x0000000080000000, size: 2048 MB, Compressed Oops mode: 32-bit
Narrow klass base: 0x0000000000000000, Narrow klass shift: 3
Compressed class space size: 1073741824 Address: 0x0000000100000000

Heap:
 garbage-first heap   total 155648K, used 43135K [0x0000000080000000, 0x0000000100000000)
  region size 1024K, 25 young (25600K), 9 survivors (9216K)
 Metaspace       used 41772K, capacity 42786K, committed 42960K, reserved 1087488K
  class space    used 5378K, capacity 5754K, committed 5840K, reserved 1048576K
Heap Regions: E=young(eden), S=young(survivor), O=old, HS=humongous(starts), HC=humongous(continues), CS=collection set, F=free, A=archive, TAMS=top-at-mark-start (previous, next)
|   0|0x0000000080000000, 0x0000000080100000, 0x0000000080100000|100%| O|  |TAMS 0x0000000080100000, 0x0000000080000000| Untracked 
|   1|0x0000000080100000, 0x0000000080200000, 0x0000000080200000|100%| O|  |TAMS 0x0000000080200000, 0x0000000080100000| Untracked 
|   2|0x0000000080200000, 0x0000000080300000, 0x0000000080300000|100%| O|  |TAMS 0x0000000080300000, 0x0000000080200000| Untracked 
|   3|0x0000000080300000, 0x0000000080400000, 0x0000000080400000|100%|HS|  |TAMS 0x0000000080400000, 0x0000000080300000| Complete 
|   4|0x0000000080400000, 0x0000000080500000, 0x0000000080500000|100%|HC|  |TAMS 0x0000000080500000, 0x0000000080400000| Complete 
|   5|0x0000000080500000, 0x0000000080600000, 0x0000000080600000|100%|HC|  |TAMS 0x0000000080600000, 0x0000000080500000| Complete 
|   6|0x0000000080600000, 0x0000000080700000, 0x0000000080700000|100%| O|  |TAMS 0x0000000080700000, 0x0000000080600000| Untracked 
|   7|0x0000000080700000, 0x0000000080800000, 0x0000000080800000|100%| O|  |TAMS 0x0000000080800000, 0x0000000080700000| Untracked 
|   8|0x0000000080800000, 0x0000000080900000, 0x0000000080900000|100%| O|  |TAMS 0x0000000080900000, 0x0000000080800000| Untracked 
|   9|0x0000000080900000, 0x0000000080a00000, 0x0000000080a00000|100%| O|  |TAMS 0x0000000080a00000, 0x0000000080900000| Untracked 
|  10|0x0000000080a00000, 0x0000000080b00000, 0x0000000080b00000|100%| O|  |TAMS 0x0000000080b00000, 0x0000000080a00000| Untracked 
|  11|0x0000000080b00000, 0x0000000080c00000, 0x0000000080c00000|100%| O|  |TAMS 0x0000000080c00000, 0x0000000080b00000| Untracked 
|  12|0x0000000080c00000, 0x0000000080d00000, 0x0000000080d00000|100%| O|  |TAMS 0x0000000080d00000, 0x0000000080c00000| Untracked 
|  13|0x0000000080d00000, 0x0000000080e00000, 0x0000000080e00000|100%| O|  |TAMS 0x0000000080e00000, 0x0000000080d00000| Untracked 
|  14|0x0000000080e00000, 0x0000000080f00000, 0x0000000080f00000|100%| O|  |TAMS 0x0000000080f00000, 0x0000000080e00000| Untracked 
|  15|0x0000000080f00000, 0x0000000081000000, 0x0000000081000000|100%| O|  |TAMS 0x0000000080f52600, 0x0000000080f00000| Untracked 
|  16|0x0000000081000000, 0x0000000081000000, 0x0000000081100000|  0%| F|  |TAMS 0x0000000081000000, 0x0000000081000000| Untracked 
|  17|0x0000000081100000, 0x0000000081100000, 0x0000000081200000|  0%| F|  |TAMS 0x0000000081100000, 0x0000000081100000| Untracked 
|  18|0x0000000081200000, 0x0000000081200000, 0x0000000081300000|  0%| F|  |TAMS 0x0000000081200000, 0x0000000081200000| Untracked 
|  19|0x0000000081300000, 0x0000000081400000, 0x0000000081400000|100%| O|  |TAMS 0x0000000081300000, 0x0000000081300000| Untracked 
|  20|0x0000000081400000, 0x0000000081500000, 0x0000000081500000|100%| O|  |TAMS 0x0000000081400000, 0x0000000081400000| Untracked 
|  21|0x0000000081500000, 0x0000000081567e08, 0x0000000081600000| 40%| O|  |TAMS 0x0000000081500000, 0x0000000081500000| Untracked 
|  22|0x0000000081600000, 0x0000000081600000, 0x0000000081700000|  0%| F|  |TAMS 0x0000000081600000, 0x0000000081600000| Untracked 
|  23|0x0000000081700000, 0x0000000081700000, 0x0000000081800000|  0%| F|  |TAMS 0x0000000081700000, 0x0000000081700000| Untracked 
|  24|0x0000000081800000, 0x0000000081800000, 0x0000000081900000|  0%| F|  |TAMS 0x0000000081800000, 0x0000000081800000| Untracked 
|  25|0x0000000081900000, 0x0000000081900000, 0x0000000081a00000|  0%| F|  |TAMS 0x0000000081900000, 0x0000000081900000| Untracked 
|  26|0x0000000081a00000, 0x0000000081a00000, 0x0000000081b00000|  0%| F|  |TAMS 0x0000000081a00000, 0x0000000081a00000| Untracked 
|  27|0x0000000081b00000, 0x0000000081b00000, 0x0000000081c00000|  0%| F|  |TAMS 0x0000000081b00000, 0x0000000081b00000| Untracked 
|  28|0x0000000081c00000, 0x0000000081c00000, 0x0000000081d00000|  0%| F|  |TAMS 0x0000000081c00000, 0x0000000081c00000| Untracked 
|  29|0x0000000081d00000, 0x0000000081d00000, 0x0000000081e00000|  0%| F|  |TAMS 0x0000000081d00000, 0x0000000081d00000| Untracked 
|  30|0x0000000081e00000, 0x0000000081e00000, 0x0000000081f00000|  0%| F|  |TAMS 0x0000000081e00000, 0x0000000081e00000| Untracked 
|  31|0x0000000081f00000, 0x0000000081f00000, 0x0000000082000000|  0%| F|  |TAMS 0x0000000081f00000, 0x0000000081f00000| Untracked 
|  32|0x0000000082000000, 0x0000000082000000, 0x0000000082100000|  0%| F|  |TAMS 0x0000000082000000, 0x0000000082000000| Untracked 
|  33|0x0000000082100000, 0x0000000082100000, 0x0000000082200000|  0%| F|  |TAMS 0x0000000082100000, 0x0000000082100000| Untracked 
|  34|0x0000000082200000, 0x0000000082200000, 0x0000000082300000|  0%| F|  |TAMS 0x0000000082200000, 0x0000000082200000| Untracked 
|  35|0x0000000082300000, 0x0000000082300000, 0x0000000082400000|  0%| F|  |TAMS 0x0000000082300000, 0x0000000082300000| Untracked 
|  36|0x0000000082400000, 0x0000000082400000, 0x0000000082500000|  0%| F|  |TAMS 0x0000000082400000, 0x0000000082400000| Untracked 
|  37|0x0000000082500000, 0x0000000082500000, 0x0000000082600000|  0%| F|  |TAMS 0x0000000082500000, 0x0000000082500000| Untracked 
|  38|0x0000000082600000, 0x0000000082600000, 0x0000000082700000|  0%| F|  |TAMS 0x0000000082600000, 0x0000000082600000| Untracked 
|  39|0x0000000082700000, 0x0000000082700000, 0x0000000082800000|  0%| F|  |TAMS 0x0000000082700000, 0x0000000082700000| Untracked 
|  40|0x0000000082800000, 0x0000000082800000, 0x0000000082900000|  0%| F|  |TAMS 0x0000000082800000, 0x0000000082800000| Untracked 
|  41|0x0000000082900000, 0x0000000082900000, 0x0000000082a00000|  0%| F|  |TAMS 0x0000000082900000, 0x0000000082900000| Untracked 
|  42|0x0000000082a00000, 0x0000000082a00000, 0x0000000082b00000|  0%| F|  |TAMS 0x0000000082a00000, 0x0000000082a00000| Untracked 
|  43|0x0000000082b00000, 0x0000000082b00000, 0x0000000082c00000|  0%| F|  |TAMS 0x0000000082b00000, 0x0000000082b00000| Untracked 
|  44|0x0000000082c00000, 0x0000000082c00000, 0x0000000082d00000|  0%| F|  |TAMS 0x0000000082c00000, 0x0000000082c00000| Untracked 
|  45|0x0000000082d00000, 0x0000000082db8118, 0x0000000082e00000| 71%| S|CS|TAMS 0x0000000082d00000, 0x0000000082d00000| Complete 
|  46|0x0000000082e00000, 0x0000000082f00000, 0x0000000082f00000|100%| S|CS|TAMS 0x0000000082e00000, 0x0000000082e00000| Complete 
|  47|0x0000000082f00000, 0x0000000083000000, 0x0000000083000000|100%| S|CS|TAMS 0x0000000082f00000, 0x0000000082f00000| Complete 
|  48|0x0000000083000000, 0x0000000083100000, 0x0000000083100000|100%| S|CS|TAMS 0x0000000083000000, 0x0000000083000000| Complete 
|  49|0x0000000083100000, 0x0000000083200000, 0x0000000083200000|100%| S|CS|TAMS 0x0000000083100000, 0x0000000083100000| Complete 
|  50|0x0000000083200000, 0x0000000083300000, 0x0000000083300000|100%| S|CS|TAMS 0x0000000083200000, 0x0000000083200000| Complete 
|  51|0x0000000083300000, 0x0000000083400000, 0x0000000083400000|100%| S|CS|TAMS 0x0000000083300000, 0x0000000083300000| Complete 
|  52|0x0000000083400000, 0x0000000083500000, 0x0000000083500000|100%| S|CS|TAMS 0x0000000083400000, 0x0000000083400000| Complete 
|  53|0x0000000083500000, 0x0000000083600000, 0x0000000083600000|100%| S|CS|TAMS 0x0000000083500000, 0x0000000083500000| Complete 
|  54|0x0000000083600000, 0x0000000083600000, 0x0000000083700000|  0%| F|  |TAMS 0x0000000083600000, 0x0000000083600000| Untracked 
|  55|0x0000000083700000, 0x0000000083700000, 0x0000000083800000|  0%| F|  |TAMS 0x0000000083700000, 0x0000000083700000| Untracked 
|  56|0x0000000083800000, 0x0000000083800000, 0x0000000083900000|  0%| F|  |TAMS 0x0000000083800000, 0x0000000083800000| Untracked 
|  57|0x0000000083900000, 0x0000000083900000, 0x0000000083a00000|  0%| F|  |TAMS 0x0000000083900000, 0x0000000083900000| Untracked 
|  58|0x0000000083a00000, 0x0000000083a00000, 0x0000000083b00000|  0%| F|  |TAMS 0x0000000083a00000, 0x0000000083a00000| Untracked 
|  59|0x0000000083b00000, 0x0000000083b00000, 0x0000000083c00000|  0%| F|  |TAMS 0x0000000083b00000, 0x0000000083b00000| Untracked 
|  60|0x0000000083c00000, 0x0000000083c00000, 0x0000000083d00000|  0%| F|  |TAMS 0x0000000083c00000, 0x0000000083c00000| Untracked 
|  61|0x0000000083d00000, 0x0000000083d00000, 0x0000000083e00000|  0%| F|  |TAMS 0x0000000083d00000, 0x0000000083d00000| Untracked 
|  62|0x0000000083e00000, 0x0000000083e00000, 0x0000000083f00000|  0%| F|  |TAMS 0x0000000083e00000, 0x0000000083e00000| Untracked 
|  63|0x0000000083f00000, 0x0000000083f00000, 0x0000000084000000|  0%| F|  |TAMS 0x0000000083f00000, 0x0000000083f00000| Untracked 
|  64|0x0000000084000000, 0x0000000084000000, 0x0000000084100000|  0%| F|  |TAMS 0x0000000084000000, 0x0000000084000000| Untracked 
|  65|0x0000000084100000, 0x0000000084100000, 0x0000000084200000|  0%| F|  |TAMS 0x0000000084100000, 0x0000000084100000| Untracked 
|  66|0x0000000084200000, 0x0000000084200000, 0x0000000084300000|  0%| F|  |TAMS 0x0000000084200000, 0x0000000084200000| Untracked 
|  67|0x0000000084300000, 0x0000000084300000, 0x0000000084400000|  0%| F|  |TAMS 0x0000000084300000, 0x0000000084300000| Untracked 
|  68|0x0000000084400000, 0x0000000084400000, 0x0000000084500000|  0%| F|  |TAMS 0x0000000084400000, 0x0000000084400000| Untracked 
|  69|0x0000000084500000, 0x0000000084500000, 0x0000000084600000|  0%| F|  |TAMS 0x0000000084500000, 0x0000000084500000| Untracked 
|  70|0x0000000084600000, 0x0000000084600000, 0x0000000084700000|  0%| F|  |TAMS 0x0000000084600000, 0x0000000084600000| Untracked 
|  71|0x0000000084700000, 0x0000000084700000, 0x0000000084800000|  0%| F|  |TAMS 0x0000000084700000, 0x0000000084700000| Untracked 
|  72|0x0000000084800000, 0x0000000084800000, 0x0000000084900000|  0%| F|  |TAMS 0x0000000084800000, 0x0000000084800000| Untracked 
|  73|0x0000000084900000, 0x0000000084900000, 0x0000000084a00000|  0%| F|  |TAMS 0x0000000084900000, 0x0000000084900000| Untracked 
|  74|0x0000000084a00000, 0x0000000084a00000, 0x0000000084b00000|  0%| F|  |TAMS 0x0000000084a00000, 0x0000000084a00000| Untracked 
|  75|0x0000000084b00000, 0x0000000084b00000, 0x0000000084c00000|  0%| F|  |TAMS 0x0000000084b00000, 0x0000000084b00000| Untracked 
|  76|0x0000000084c00000, 0x0000000084c00000, 0x0000000084d00000|  0%| F|  |TAMS 0x0000000084c00000, 0x0000000084c00000| Untracked 
|  77|0x0000000084d00000, 0x0000000084d00000, 0x0000000084e00000|  0%| F|  |TAMS 0x0000000084d00000, 0x0000000084d00000| Untracked 
|  78|0x0000000084e00000, 0x0000000084e00000, 0x0000000084f00000|  0%| F|  |TAMS 0x0000000084e00000, 0x0000000084e00000| Untracked 
|  79|0x0000000084f00000, 0x0000000084f00000, 0x0000000085000000|  0%| F|  |TAMS 0x0000000084f00000, 0x0000000084f00000| Untracked 
|  80|0x0000000085000000, 0x0000000085000000, 0x0000000085100000|  0%| F|  |TAMS 0x0000000085000000, 0x0000000085000000| Untracked 
|  81|0x0000000085100000, 0x0000000085100000, 0x0000000085200000|  0%| F|  |TAMS 0x0000000085100000, 0x0000000085100000| Untracked 
|  82|0x0000000085200000, 0x0000000085200000, 0x0000000085300000|  0%| F|  |TAMS 0x0000000085200000, 0x0000000085200000| Untracked 
|  83|0x0000000085300000, 0x0000000085300000, 0x0000000085400000|  0%| F|  |TAMS 0x0000000085300000, 0x0000000085300000| Untracked 
|  84|0x0000000085400000, 0x0000000085400000, 0x0000000085500000|  0%| F|  |TAMS 0x0000000085400000, 0x0000000085400000| Untracked 
|  85|0x0000000085500000, 0x0000000085500000, 0x0000000085600000|  0%| F|  |TAMS 0x0000000085500000, 0x0000000085500000| Untracked 
|  86|0x0000000085600000, 0x0000000085600000, 0x0000000085700000|  0%| F|  |TAMS 0x0000000085600000, 0x0000000085600000| Untracked 
|  87|0x0000000085700000, 0x0000000085700000, 0x0000000085800000|  0%| F|  |TAMS 0x0000000085700000, 0x0000000085700000| Untracked 
|  88|0x0000000085800000, 0x0000000085800000, 0x0000000085900000|  0%| F|  |TAMS 0x0000000085800000, 0x0000000085800000| Untracked 
|  89|0x0000000085900000, 0x0000000085900000, 0x0000000085a00000|  0%| F|  |TAMS 0x0000000085900000, 0x0000000085900000| Untracked 
|  90|0x0000000085a00000, 0x0000000085a00000, 0x0000000085b00000|  0%| F|  |TAMS 0x0000000085a00000, 0x0000000085a00000| Untracked 
|  91|0x0000000085b00000, 0x0000000085b00000, 0x0000000085c00000|  0%| F|  |TAMS 0x0000000085b00000, 0x0000000085b00000| Untracked 
|  92|0x0000000085c00000, 0x0000000085c00000, 0x0000000085d00000|  0%| F|  |TAMS 0x0000000085c00000, 0x0000000085c00000| Untracked 
|  93|0x0000000085d00000, 0x0000000085d00000, 0x0000000085e00000|  0%| F|  |TAMS 0x0000000085d00000, 0x0000000085d00000| Untracked 
|  94|0x0000000085e00000, 0x0000000085e00000, 0x0000000085f00000|  0%| F|  |TAMS 0x0000000085e00000, 0x0000000085e00000| Untracked 
|  95|0x0000000085f00000, 0x0000000085f00000, 0x0000000086000000|  0%| F|  |TAMS 0x0000000085f00000, 0x0000000085f00000| Untracked 
|  96|0x0000000086000000, 0x0000000086000000, 0x0000000086100000|  0%| F|  |TAMS 0x0000000086000000, 0x0000000086000000| Untracked 
|  97|0x0000000086100000, 0x0000000086100000, 0x0000000086200000|  0%| F|  |TAMS 0x0000000086100000, 0x0000000086100000| Untracked 
|  98|0x0000000086200000, 0x0000000086200000, 0x0000000086300000|  0%| F|  |TAMS 0x0000000086200000, 0x0000000086200000| Untracked 
|  99|0x0000000086300000, 0x0000000086300000, 0x0000000086400000|  0%| F|  |TAMS 0x0000000086300000, 0x0000000086300000| Untracked 
| 100|0x0000000086400000, 0x0000000086400000, 0x0000000086500000|  0%| F|  |TAMS 0x0000000086400000, 0x0000000086400000| Untracked 
| 101|0x0000000086500000, 0x0000000086500000, 0x0000000086600000|  0%| F|  |TAMS 0x0000000086500000, 0x0000000086500000| Untracked 
| 102|0x0000000086600000, 0x0000000086600000, 0x0000000086700000|  0%| F|  |TAMS 0x0000000086600000, 0x0000000086600000| Untracked 
| 103|0x0000000086700000, 0x0000000086700000, 0x0000000086800000|  0%| F|  |TAMS 0x0000000086700000, 0x0000000086700000| Untracked 
| 104|0x0000000086800000, 0x0000000086800000, 0x0000000086900000|  0%| F|  |TAMS 0x0000000086800000, 0x0000000086800000| Untracked 
| 105|0x0000000086900000, 0x0000000086900000, 0x0000000086a00000|  0%| F|  |TAMS 0x0000000086900000, 0x0000000086900000| Untracked 
| 106|0x0000000086a00000, 0x0000000086a00000, 0x0000000086b00000|  0%| F|  |TAMS 0x0000000086a00000, 0x0000000086a00000| Untracked 
| 107|0x0000000086b00000, 0x0000000086b00000, 0x0000000086c00000|  0%| F|  |TAMS 0x0000000086b00000, 0x0000000086b00000| Untracked 
| 108|0x0000000086c00000, 0x0000000086c00000, 0x0000000086d00000|  0%| F|  |TAMS 0x0000000086c00000, 0x0000000086c00000| Untracked 
| 109|0x0000000086d00000, 0x0000000086d00000, 0x0000000086e00000|  0%| F|  |TAMS 0x0000000086d00000, 0x0000000086d00000| Untracked 
| 110|0x0000000086e00000, 0x0000000086e00000, 0x0000000086f00000|  0%| F|  |TAMS 0x0000000086e00000, 0x0000000086e00000| Untracked 
| 111|0x0000000086f00000, 0x0000000086f00000, 0x0000000087000000|  0%| F|  |TAMS 0x0000000086f00000, 0x0000000086f00000| Untracked 
| 112|0x0000000087000000, 0x0000000087000000, 0x0000000087100000|  0%| F|  |TAMS 0x0000000087000000, 0x0000000087000000| Untracked 
| 113|0x0000000087100000, 0x0000000087100000, 0x0000000087200000|  0%| F|  |TAMS 0x0000000087100000, 0x0000000087100000| Untracked 
| 114|0x0000000087200000, 0x0000000087200000, 0x0000000087300000|  0%| F|  |TAMS 0x0000000087200000, 0x0000000087200000| Untracked 
| 115|0x0000000087300000, 0x0000000087300000, 0x0000000087400000|  0%| F|  |TAMS 0x0000000087300000, 0x0000000087300000| Untracked 
| 116|0x0000000087400000, 0x0000000087400000, 0x0000000087500000|  0%| F|  |TAMS 0x0000000087400000, 0x0000000087400000| Untracked 
| 117|0x0000000087500000, 0x0000000087500000, 0x0000000087600000|  0%| F|  |TAMS 0x0000000087500000, 0x0000000087500000| Untracked 
| 118|0x0000000087600000, 0x0000000087600000, 0x0000000087700000|  0%| F|  |TAMS 0x0000000087600000, 0x0000000087600000| Untracked 
| 119|0x0000000087700000, 0x0000000087700000, 0x0000000087800000|  0%| F|  |TAMS 0x0000000087700000, 0x0000000087700000| Untracked 
| 120|0x0000000087800000, 0x0000000087800000, 0x0000000087900000|  0%| F|  |TAMS 0x0000000087800000, 0x0000000087800000| Untracked 
| 121|0x0000000087900000, 0x0000000087900000, 0x0000000087a00000|  0%| F|  |TAMS 0x0000000087900000, 0x0000000087900000| Untracked 
| 122|0x0000000087a00000, 0x0000000087a00000, 0x0000000087b00000|  0%| F|  |TAMS 0x0000000087a00000, 0x0000000087a00000| Untracked 
| 123|0x0000000087b00000, 0x0000000087b00000, 0x0000000087c00000|  0%| F|  |TAMS 0x0000000087b00000, 0x0000000087b00000| Untracked 
| 124|0x0000000087c00000, 0x0000000087c00000, 0x0000000087d00000|  0%| F|  |TAMS 0x0000000087c00000, 0x0000000087c00000| Untracked 
| 125|0x0000000087d00000, 0x0000000087d00000, 0x0000000087e00000|  0%| F|  |TAMS 0x0000000087d00000, 0x0000000087d00000| Untracked 
| 126|0x0000000087e00000, 0x0000000087e00000, 0x0000000087f00000|  0%| F|  |TAMS 0x0000000087e00000, 0x0000000087e00000| Untracked 
| 127|0x0000000087f00000, 0x0000000087f00000, 0x0000000088000000|  0%| F|  |TAMS 0x0000000087f00000, 0x0000000087f00000| Untracked 
| 128|0x0000000088000000, 0x0000000088000000, 0x0000000088100000|  0%| F|  |TAMS 0x0000000088000000, 0x0000000088000000| Untracked 
| 129|0x0000000088100000, 0x0000000088100000, 0x0000000088200000|  0%| F|  |TAMS 0x0000000088100000, 0x0000000088100000| Untracked 
| 130|0x0000000088200000, 0x0000000088200000, 0x0000000088300000|  0%| F|  |TAMS 0x0000000088200000, 0x0000000088200000| Untracked 
| 131|0x0000000088300000, 0x0000000088300000, 0x0000000088400000|  0%| F|  |TAMS 0x0000000088300000, 0x0000000088300000| Untracked 
| 132|0x0000000088400000, 0x0000000088400000, 0x0000000088500000|  0%| F|  |TAMS 0x0000000088400000, 0x0000000088400000| Untracked 
| 133|0x0000000088500000, 0x0000000088500000, 0x0000000088600000|  0%| F|  |TAMS 0x0000000088500000, 0x0000000088500000| Untracked 
| 134|0x0000000088600000, 0x0000000088600000, 0x0000000088700000|  0%| F|  |TAMS 0x0000000088600000, 0x0000000088600000| Untracked 
| 135|0x0000000088700000, 0x0000000088700000, 0x0000000088800000|  0%| F|  |TAMS 0x0000000088700000, 0x0000000088700000| Untracked 
| 136|0x0000000088800000, 0x0000000088900000, 0x0000000088900000|100%| E|  |TAMS 0x0000000088800000, 0x0000000088800000| Complete 
| 137|0x0000000088900000, 0x0000000088a00000, 0x0000000088a00000|100%| E|CS|TAMS 0x0000000088900000, 0x0000000088900000| Complete 
| 138|0x0000000088a00000, 0x0000000088b00000, 0x0000000088b00000|100%| E|CS|TAMS 0x0000000088a00000, 0x0000000088a00000| Complete 
| 139|0x0000000088b00000, 0x0000000088c00000, 0x0000000088c00000|100%| E|CS|TAMS 0x0000000088b00000, 0x0000000088b00000| Complete 
| 140|0x0000000088c00000, 0x0000000088d00000, 0x0000000088d00000|100%| E|CS|TAMS 0x0000000088c00000, 0x0000000088c00000| Complete 
| 141|0x0000000088d00000, 0x0000000088e00000, 0x0000000088e00000|100%| E|CS|TAMS 0x0000000088d00000, 0x0000000088d00000| Complete 
| 142|0x0000000088e00000, 0x0000000088f00000, 0x0000000088f00000|100%| E|CS|TAMS 0x0000000088e00000, 0x0000000088e00000| Complete 
| 143|0x0000000088f00000, 0x0000000089000000, 0x0000000089000000|100%| E|CS|TAMS 0x0000000088f00000, 0x0000000088f00000| Complete 
| 144|0x0000000089000000, 0x0000000089100000, 0x0000000089100000|100%| E|CS|TAMS 0x0000000089000000, 0x0000000089000000| Complete 
| 145|0x0000000089100000, 0x0000000089200000, 0x0000000089200000|100%| E|CS|TAMS 0x0000000089100000, 0x0000000089100000| Complete 
| 146|0x0000000089200000, 0x0000000089300000, 0x0000000089300000|100%| E|CS|TAMS 0x0000000089200000, 0x0000000089200000| Complete 
| 147|0x0000000089300000, 0x0000000089400000, 0x0000000089400000|100%| E|CS|TAMS 0x0000000089300000, 0x0000000089300000| Complete 
| 148|0x0000000089400000, 0x0000000089500000, 0x0000000089500000|100%| E|CS|TAMS 0x0000000089400000, 0x0000000089400000| Complete 
| 149|0x0000000089500000, 0x0000000089600000, 0x0000000089600000|100%| E|CS|TAMS 0x0000000089500000, 0x0000000089500000| Complete 
| 150|0x0000000089600000, 0x0000000089700000, 0x0000000089700000|100%| E|CS|TAMS 0x0000000089600000, 0x0000000089600000| Complete 
| 151|0x0000000089700000, 0x0000000089800000, 0x0000000089800000|100%| E|CS|TAMS 0x0000000089700000, 0x0000000089700000| Complete 

Card table byte_map: [0x000001a524da0000,0x000001a5251a0000] _byte_map_base: 0x000001a5249a0000

Marking Bits (Prev, Next): (CMBitMap*) 0x000001a51143d028, (CMBitMap*) 0x000001a51143d060
 Prev Bits: [0x000001a5255a0000, 0x000001a5275a0000)
 Next Bits: [0x000001a5275a0000, 0x000001a5295a0000)

Polling page: 0x000001a5114e0000

Metaspace:

Usage:
  Non-class:     36.16 MB capacity,    35.56 MB ( 98%) used,   518.95 KB (  1%) free+waste,    97.88 KB ( <1%) overhead. 
      Class:      5.62 MB capacity,     5.26 MB ( 94%) used,   322.26 KB (  6%) free+waste,    47.00 KB ( <1%) overhead. 
       Both:     41.78 MB capacity,    40.82 MB ( 98%) used,   841.20 KB (  2%) free+waste,   144.88 KB ( <1%) overhead. 

Virtual space:
  Non-class space:       38.00 MB reserved,      36.25 MB ( 95%) committed 
      Class space:        1.00 GB reserved,       5.70 MB ( <1%) committed 
             Both:        1.04 GB reserved,      41.95 MB (  4%) committed 

Chunk freelists:
   Non-Class:  24.00 KB
       Class:  6.00 KB
        Both:  30.00 KB

MaxMetaspaceSize: 17179869184.00 GB
CompressedClassSpaceSize: 1.00 GB
Initial GC threshold: 20.80 MB
Current GC threshold: 58.88 MB
CDS: off

CodeHeap 'non-profiled nmethods': size=120000Kb used=2135Kb max_used=2135Kb free=117864Kb
 bounds [0x000001a51ca00000, 0x000001a51cc70000, 0x000001a523f30000]
CodeHeap 'profiled nmethods': size=120000Kb used=7795Kb max_used=7795Kb free=112204Kb
 bounds [0x000001a5154d0000, 0x000001a515c70000, 0x000001a51ca00000]
CodeHeap 'non-nmethods': size=5760Kb used=2276Kb max_used=2354Kb free=3483Kb
 bounds [0x000001a514f30000, 0x000001a5151a0000, 0x000001a5154d0000]
 total_blobs=4422 nmethods=3656 adapters=678
 compilation: enabled
              stopped_count=0, restarted_count=0
 full_count=0

Compilation events (20 events):
Event: 5.904 Thread 0x000001a52c090800 3647       3       java.util.HashMap::removeNode (291 bytes)
Event: 5.905 Thread 0x000001a52c090800 nmethod 3647 0x000001a515c62f90 code [0x000001a515c63220, 0x000001a515c64498]
Event: 5.906 Thread 0x000001a52c090800 3648       3       java.util.regex.Pattern::compile (10 bytes)
Event: 5.906 Thread 0x000001a52c090800 nmethod 3648 0x000001a515c64910 code [0x000001a515c64ac0, 0x000001a515c64c48]
Event: 5.921 Thread 0x000001a52c090800 3649       3       jdk.internal.reflect.AccessorGenerator::sub (5 bytes)
Event: 5.921 Thread 0x000001a52c090800 nmethod 3649 0x000001a515c64d10 code [0x000001a515c64ec0, 0x000001a515c64fb8]
Event: 5.921 Thread 0x000001a52c090800 3650       3       jdk.internal.reflect.ClassFileAssembler::setStack (25 bytes)
Event: 5.922 Thread 0x000001a52c090800 nmethod 3650 0x000001a515c65090 code [0x000001a515c65240, 0x000001a515c65378]
Event: 5.923 Thread 0x000001a52c090800 3651       3       java.lang.reflect.Constructor::acquireConstructorAccessor (44 bytes)
Event: 5.923 Thread 0x000001a52c090800 nmethod 3651 0x000001a515c65410 code [0x000001a515c65600, 0x000001a515c65ad8]
Event: 5.923 Thread 0x000001a52c090800 3652       3       sun.security.provider.SHA::implCompress0 (482 bytes)
Event: 5.924 Thread 0x000001a52c090800 nmethod 3652 0x000001a515c65c90 code [0x000001a515c65ec0, 0x000001a515c66778]
Event: 5.924 Thread 0x000001a52c090800 3653       1       java.lang.reflect.Constructor::getSharedParameterTypes (5 bytes)
Event: 5.924 Thread 0x000001a52c090800 nmethod 3653 0x000001a51cc09510 code [0x000001a51cc096c0, 0x000001a51cc09778]
Event: 5.924 Thread 0x000001a52c090800 3654       3       jdk.internal.reflect.ClassFileAssembler::emitConstantPoolMethodref (28 bytes)
Event: 5.925 Thread 0x000001a52c090800 nmethod 3654 0x000001a515c66c10 code [0x000001a515c66e60, 0x000001a515c674e8]
Event: 5.926 Thread 0x000001a52c090800 3655       3       jdk.internal.reflect.ClassFileAssembler::emitConstantPoolNameAndType (28 bytes)
Event: 5.926 Thread 0x000001a52c090800 nmethod 3655 0x000001a515c67890 code [0x000001a515c67ae0, 0x000001a515c68168]
Event: 5.927 Thread 0x000001a52c090800 3657       3       jdk.internal.reflect.ClassFileAssembler::emitConstantPoolClass (23 bytes)
Event: 5.928 Thread 0x000001a52c090800 nmethod 3657 0x000001a515c68510 code [0x000001a515c68720, 0x000001a515c68b48]

GC Heap History (12 events):
Event: 1.014 GC heap before
{Heap before GC invocations=0 (full 0):
 garbage-first heap   total 129024K, used 29696K [0x0000000080000000, 0x0000000100000000)
  region size 1024K, 24 young (24576K), 0 survivors (0K)
 Metaspace       used 9887K, capacity 10114K, committed 10368K, reserved 1058816K
  class space    used 1028K, capacity 1102K, committed 1152K, reserved 1048576K
}
Event: 1.020 GC heap after
{Heap after GC invocations=1 (full 0):
 garbage-first heap   total 129024K, used 9247K [0x0000000080000000, 0x0000000100000000)
  region size 1024K, 3 young (3072K), 3 survivors (3072K)
 Metaspace       used 9887K, capacity 10114K, committed 10368K, reserved 1058816K
  class space    used 1028K, capacity 1102K, committed 1152K, reserved 1048576K
}
Event: 2.660 GC heap before
{Heap before GC invocations=1 (full 0):
 garbage-first heap   total 129024K, used 83999K [0x0000000080000000, 0x0000000100000000)
  region size 1024K, 75 young (76800K), 3 survivors (3072K)
 Metaspace       used 17445K, capacity 17807K, committed 18176K, reserved 1064960K
  class space    used 2058K, capacity 2177K, committed 2304K, reserved 1048576K
}
Event: 2.665 GC heap after
{Heap after GC invocations=2 (full 0):
 garbage-first heap   total 129024K, used 15926K [0x0000000080000000, 0x0000000100000000)
  region size 1024K, 10 young (10240K), 10 survivors (10240K)
 Metaspace       used 17445K, capacity 17807K, committed 18176K, reserved 1064960K
  class space    used 2058K, capacity 2177K, committed 2304K, reserved 1048576K
}
Event: 3.004 GC heap before
{Heap before GC invocations=2 (full 0):
 garbage-first heap   total 129024K, used 47670K [0x0000000080000000, 0x0000000100000000)
  region size 1024K, 42 young (43008K), 10 survivors (10240K)
 Metaspace       used 20754K, capacity 21149K, committed 21296K, reserved 1069056K
  class space    used 2564K, capacity 2716K, committed 2816K, reserved 1048576K
}
Event: 3.020 GC heap after
{Heap after GC invocations=3 (full 0):
 garbage-first heap   total 129024K, used 17016K [0x0000000080000000, 0x0000000100000000)
  region size 1024K, 2 young (2048K), 2 survivors (2048K)
 Metaspace       used 20754K, capacity 21149K, committed 21296K, reserved 1069056K
  class space    used 2564K, capacity 2716K, committed 2816K, reserved 1048576K
}
Event: 3.713 GC heap before
{Heap before GC invocations=4 (full 0):
 garbage-first heap   total 129024K, used 77432K [0x0000000080000000, 0x0000000100000000)
  region size 1024K, 61 young (62464K), 2 survivors (2048K)
 Metaspace       used 27006K, capacity 27590K, committed 27904K, reserved 1073152K
  class space    used 3540K, capacity 3767K, committed 3840K, reserved 1048576K
}
Event: 3.723 GC heap after
{Heap after GC invocations=5 (full 0):
 garbage-first heap   total 129024K, used 19026K [0x0000000080000000, 0x0000000100000000)
  region size 1024K, 4 young (4096K), 4 survivors (4096K)
 Metaspace       used 27006K, capacity 27590K, committed 27904K, reserved 1073152K
  class space    used 3540K, capacity 3767K, committed 3840K, reserved 1048576K
}
Event: 4.644 GC heap before
{Heap before GC invocations=5 (full 0):
 garbage-first heap   total 129024K, used 70226K [0x0000000080000000, 0x0000000100000000)
  region size 1024K, 55 young (56320K), 4 survivors (4096K)
 Metaspace       used 35048K, capacity 35836K, committed 35920K, reserved 1081344K
  class space    used 4561K, capacity 4879K, committed 4944K, reserved 1048576K
}
Event: 4.657 GC heap after
{Heap after GC invocations=6 (full 0):
 garbage-first heap   total 129024K, used 22196K [0x0000000080000000, 0x0000000100000000)
  region size 1024K, 7 young (7168K), 7 survivors (7168K)
 Metaspace       used 35048K, capacity 35836K, committed 35920K, reserved 1081344K
  class space    used 4561K, capacity 4879K, committed 4944K, reserved 1048576K
}
Event: 5.742 GC heap before
{Heap before GC invocations=7 (full 0):
 garbage-first heap   total 129024K, used 90804K [0x0000000080000000, 0x0000000100000000)
  region size 1024K, 72 young (73728K), 7 survivors (7168K)
 Metaspace       used 40359K, capacity 41324K, committed 41424K, reserved 1085440K
  class space    used 5161K, capacity 5509K, committed 5584K, reserved 1048576K
}
Event: 5.754 GC heap after
{Heap after GC invocations=8 (full 0):
 garbage-first heap   total 155648K, used 27775K [0x0000000080000000, 0x0000000100000000)
  region size 1024K, 9 young (9216K), 9 survivors (9216K)
 Metaspace       used 40359K, capacity 41324K, committed 41424K, reserved 1085440K
  class space    used 5161K, capacity 5509K, committed 5584K, reserved 1048576K
}

Deoptimization events (20 events):
Event: 5.530 Thread 0x000001a52d9c3000 DEOPT PACKING pc=0x000001a51cb6d34c sp=0x00000073ac2f5060
Event: 5.530 Thread 0x000001a52d9c3000 DEOPT UNPACKING pc=0x000001a514f7a1af sp=0x00000073ac2f4fa0 mode 2
Event: 5.603 Thread 0x000001a52d9c3000 Uncommon trap: trap_request=0xffffffde fr.pc=0x000001a51cbafe88 relative=0x0000000000000508
Event: 5.603 Thread 0x000001a52d9c3000 Uncommon trap: reason=class_check action=maybe_recompile pc=0x000001a51cbafe88 method=java.util.stream.ReferencePipeline.forEachWithCancel(Ljava/util/Spliterator;Ljava/util/stream/Sink;)Z @ 1 c2
Event: 5.603 Thread 0x000001a52d9c3000 DEOPT PACKING pc=0x000001a51cbafe88 sp=0x00000073ac2f8ff0
Event: 5.603 Thread 0x000001a52d9c3000 DEOPT UNPACKING pc=0x000001a514f7a1af sp=0x00000073ac2f8f90 mode 2
Event: 5.610 Thread 0x000001a52d9c3000 Uncommon trap: trap_request=0xffffff4d fr.pc=0x000001a51cbf0df0 relative=0x0000000000004ff0
Event: 5.610 Thread 0x000001a52d9c3000 Uncommon trap: reason=unstable_if action=reinterpret pc=0x000001a51cbf0df0 method=java.net.URLClassLoader.defineClass(Ljava/lang/String;Ljdk/internal/loader/Resource;)Ljava/lang/Class; @ 21 c2
Event: 5.610 Thread 0x000001a52d9c3000 DEOPT PACKING pc=0x000001a51cbf0df0 sp=0x00000073ac2f8dc0
Event: 5.610 Thread 0x000001a52d9c3000 DEOPT UNPACKING pc=0x000001a514f7a1af sp=0x00000073ac2f8d10 mode 2
Event: 5.618 Thread 0x000001a52d9c3000 Uncommon trap: trap_request=0xffffff4d fr.pc=0x000001a51cbfbce8 relative=0x0000000000004fe8
Event: 5.618 Thread 0x000001a52d9c3000 Uncommon trap: reason=unstable_if action=reinterpret pc=0x000001a51cbfbce8 method=java.net.URLClassLoader.defineClass(Ljava/lang/String;Ljdk/internal/loader/Resource;)Ljava/lang/Class; @ 21 c2
Event: 5.618 Thread 0x000001a52d9c3000 DEOPT PACKING pc=0x000001a51cbfbce8 sp=0x00000073ac2f84a0
Event: 5.618 Thread 0x000001a52d9c3000 DEOPT UNPACKING pc=0x000001a514f7a1af sp=0x00000073ac2f8450 mode 2
Event: 5.720 Thread 0x000001a52d9c3000 Uncommon trap: trap_request=0xffffff4d fr.pc=0x000001a51cb704b0 relative=0x0000000000000110
Event: 5.720 Thread 0x000001a52d9c3000 Uncommon trap: reason=unstable_if action=reinterpret pc=0x000001a51cb704b0 method=java.util.Arrays.hashCode([Ljava/lang/Object;)I @ 34 c2
Event: 5.720 Thread 0x000001a52d9c3000 DEOPT PACKING pc=0x000001a51cb704b0 sp=0x00000073ac2f9340
Event: 5.720 Thread 0x000001a52d9c3000 DEOPT UNPACKING pc=0x000001a514f7a1af sp=0x00000073ac2f92b8 mode 2
Event: 5.725 Thread 0x000001a52d9c3000 DEOPT PACKING pc=0x000001a515a8fd79 sp=0x00000073ac2fa0b0
Event: 5.725 Thread 0x000001a52d9c3000 DEOPT UNPACKING pc=0x000001a514f7a95e sp=0x00000073ac2f95f8 mode 0

Classes redefined (0 events):
No events

Internal exceptions (20 events):
Event: 5.635 Thread 0x000001a52d9c3000 Exception <a 'java/lang/ClassNotFoundException'{0x0000000083b98080}: org/gradle/internal/management/DefaultDependencyResolutionManagementCustomizer> (0x0000000083b98080) thrown at [./src/hotspot/share/classfile/systemDictionary.cpp, line 231]
Event: 5.637 Thread 0x000001a52d9c3000 Exception <a 'java/lang/ClassNotFoundException'{0x0000000083be74b8}: org/gradle/internal/management/DefaultDependencyResolutionManagement_DecoratedCustomizer> (0x0000000083be74b8) thrown at [./src/hotspot/share/classfile/systemDictionary.cpp, line 231]
Event: 5.645 Thread 0x000001a52d9c3000 Exception <a 'java/lang/ClassNotFoundException'{0x0000000083a73368}: org/gradle/api/initialization/resolve/RepositoriesModeBeanInfo> (0x0000000083a73368) thrown at [./src/hotspot/share/classfile/systemDictionary.cpp, line 231]
Event: 5.646 Thread 0x000001a52d9c3000 Exception <a 'java/lang/ClassNotFoundException'{0x0000000083a78230}: java/lang/EnumBeanInfo> (0x0000000083a78230) thrown at [./src/hotspot/share/classfile/systemDictionary.cpp, line 231]
Event: 5.646 Thread 0x000001a52d9c3000 Exception <a 'java/lang/ClassNotFoundException'{0x0000000083a7d118}: java/lang/EnumCustomizer> (0x0000000083a7d118) thrown at [./src/hotspot/share/classfile/systemDictionary.cpp, line 231]
Event: 5.647 Thread 0x000001a52d9c3000 Exception <a 'java/lang/ClassNotFoundException'{0x0000000083aabd18}: org/gradle/api/initialization/resolve/RepositoriesModeCustomizer> (0x0000000083aabd18) thrown at [./src/hotspot/share/classfile/systemDictionary.cpp, line 231]
Event: 5.653 Thread 0x000001a52d9c3000 Exception <a 'java/lang/ClassNotFoundException'{0x0000000083937ac8}: org/gradle/api/internal/provider/DefaultPropertyBeanInfo> (0x0000000083937ac8) thrown at [./src/hotspot/share/classfile/systemDictionary.cpp, line 231]
Event: 5.654 Thread 0x000001a52d9c3000 Exception <a 'java/lang/ClassNotFoundException'{0x000000008395ddc0}: org/gradle/api/internal/provider/AbstractPropertyBeanInfo> (0x000000008395ddc0) thrown at [./src/hotspot/share/classfile/systemDictionary.cpp, line 231]
Event: 5.655 Thread 0x000001a52d9c3000 Exception <a 'java/lang/ClassNotFoundException'{0x00000000839864e8}: org/gradle/api/internal/provider/AbstractMinimalProviderBeanInfo> (0x00000000839864e8) thrown at [./src/hotspot/share/classfile/systemDictionary.cpp, line 231]
Event: 5.657 Thread 0x000001a52d9c3000 Exception <a 'java/lang/ClassNotFoundException'{0x00000000839af450}: org/gradle/api/internal/provider/AbstractMinimalProviderCustomizer> (0x00000000839af450) thrown at [./src/hotspot/share/classfile/systemDictionary.cpp, line 231]
Event: 5.660 Thread 0x000001a52d9c3000 Exception <a 'java/lang/ClassNotFoundException'{0x0000000083810250}: org/gradle/api/internal/provider/AbstractPropertyCustomizer> (0x0000000083810250) thrown at [./src/hotspot/share/classfile/systemDictionary.cpp, line 231]
Event: 5.663 Thread 0x000001a52d9c3000 Exception <a 'java/lang/ClassNotFoundException'{0x0000000083842c10}: org/gradle/api/internal/provider/DefaultPropertyCustomizer> (0x0000000083842c10) thrown at [./src/hotspot/share/classfile/systemDictionary.cpp, line 231]
Event: 5.715 Thread 0x000001a52d9c3000 Exception <a 'java/lang/ClassNotFoundException'{0x00000000836395d8}: org/gradle/initialization/DefaultProjectDescriptorBeanInfo> (0x00000000836395d8) thrown at [./src/hotspot/share/classfile/systemDictionary.cpp, line 231]
Event: 5.716 Thread 0x000001a52d9c3000 Exception <a 'java/lang/ClassNotFoundException'{0x000000008365f698}: org/gradle/initialization/DefaultProjectDescriptorCustomizer> (0x000000008365f698) thrown at [./src/hotspot/share/classfile/systemDictionary.cpp, line 231]
Event: 5.720 Thread 0x000001a52d9c3000 Implicit null exception at 0x000001a51cb703ec to 0x000001a51cb70494
Event: 5.922 Thread 0x000001a52e933000 Exception <a 'java/lang/NoSuchMethodError'{0x0000000088d028c8}: <clinit>> (0x0000000088d028c8) thrown at [./src/hotspot/share/prims/jni.cpp, line 1365]
Event: 5.923 Thread 0x000001a52e933000 Exception <a 'java/lang/NoSuchMethodError'{0x0000000088d03fb8}: <clinit>> (0x0000000088d03fb8) thrown at [./src/hotspot/share/prims/jni.cpp, line 1365]
Event: 5.925 Thread 0x000001a52e933000 Exception <a 'java/lang/NoSuchMethodError'{0x0000000088d93238}: <clinit>> (0x0000000088d93238) thrown at [./src/hotspot/share/prims/jni.cpp, line 1365]
Event: 5.925 Thread 0x000001a52e933000 Exception <a 'java/lang/NoSuchMethodError'{0x0000000088d955c0}: <clinit>> (0x0000000088d955c0) thrown at [./src/hotspot/share/prims/jni.cpp, line 1365]
Event: 5.927 Thread 0x000001a52e933000 Exception <a 'java/lang/NoSuchMethodError'{0x0000000088da5518}: <clinit>> (0x0000000088da5518) thrown at [./src/hotspot/share/prims/jni.cpp, line 1365]

Events (20 events):
Event: 5.937 loading class org/gradle/model/internal/manage/schema/extract/SpecializedMapStrategy$1
Event: 5.937 loading class org/gradle/model/internal/manage/schema/extract/SpecializedMapStrategy$1 done
Event: 5.937 loading class org/gradle/model/internal/manage/schema/extract/ManagedCollectionProxyClassGenerator
Event: 5.937 loading class org/gradle/model/internal/manage/schema/extract/ManagedCollectionProxyClassGenerator done
Event: 5.938 loading class org/gradle/model/internal/manage/schema/extract/AbstractProxyClassGenerator
Event: 5.938 loading class org/gradle/model/internal/manage/schema/extract/AbstractProxyClassGenerator done
Event: 5.938 loading class org/gradle/model/internal/manage/schema/extract/ModelMapStrategy
Event: 5.938 loading class org/gradle/model/internal/manage/schema/extract/ModelMapStrategy done
Event: 5.939 loading class org/gradle/model/internal/manage/schema/extract/ModelMapStrategy$1
Event: 5.939 loading class org/gradle/model/internal/manage/schema/extract/ModelMapStrategy$1 done
Event: 5.939 loading class org/gradle/model/ModelMap
Event: 5.939 loading class org/gradle/model/ModelMap done
Event: 5.940 loading class org/gradle/model/internal/manage/schema/extract/JavaUtilCollectionStrategy
Event: 5.940 loading class org/gradle/model/internal/manage/schema/extract/JavaUtilCollectionStrategy done
Event: 5.941 loading class org/gradle/model/internal/manage/schema/extract/ManagedImplStructStrategy
Event: 5.941 loading class org/gradle/model/internal/manage/schema/extract/ManagedImplStructStrategy done
Event: 5.941 loading class org/gradle/model/internal/manage/schema/extract/StructSchemaExtractionStrategySupport
Event: 5.941 loading class org/gradle/model/internal/manage/schema/extract/StructSchemaExtractionStrategySupport done
Event: 5.943 loading class org/gradle/model/internal/manage/schema/extract/RuleSourceSchemaExtractionStrategy
Event: 5.943 loading class org/gradle/model/internal/manage/schema/extract/RuleSourceSchemaExtractionStrategy done


Dynamic libraries:
0x00007ff716200000 - 0x00007ff71620a000 	C:\Program Files\Android\Android Studio\jre\bin\java.exe
0x00007ffb17130000 - 0x00007ffb17325000 	C:\WINDOWS\SYSTEM32\ntdll.dll
0x00007ffb159f0000 - 0x00007ffb15aae000 	C:\WINDOWS\System32\KERNEL32.DLL
0x00007ffb14c00000 - 0x00007ffb14ec8000 	C:\WINDOWS\System32\KERNELBASE.dll
0x00007ffb148e0000 - 0x00007ffb149e0000 	C:\WINDOWS\System32\ucrtbase.dll
0x00007ffb07da0000 - 0x00007ffb07db9000 	C:\Program Files\Android\Android Studio\jre\bin\jli.dll
0x00007ffb01010000 - 0x00007ffb01027000 	C:\Program Files\Android\Android Studio\jre\bin\VCRUNTIME140.dll
0x00007ffb15c40000 - 0x00007ffb15de0000 	C:\WINDOWS\System32\USER32.dll
0x00007ffb149e0000 - 0x00007ffb14a02000 	C:\WINDOWS\System32\win32u.dll
0x00007ffafe700000 - 0x00007ffafe99a000 	C:\WINDOWS\WinSxS\amd64_microsoft.windows.common-controls_6595b64144ccf1df_6.0.19041.1110_none_60b5254171f9507e\COMCTL32.dll
0x00007ffb16650000 - 0x00007ffb1667b000 	C:\WINDOWS\System32\GDI32.dll
0x00007ffb16f50000 - 0x00007ffb16fee000 	C:\WINDOWS\System32\msvcrt.dll
0x00007ffb15040000 - 0x00007ffb1514d000 	C:\WINDOWS\System32\gdi32full.dll
0x00007ffb14840000 - 0x00007ffb148dd000 	C:\WINDOWS\System32\msvcp_win.dll
0x00007ffb15730000 - 0x00007ffb15760000 	C:\WINDOWS\System32\IMM32.DLL
0x00007ffadbf20000 - 0x00007ffadbfbd000 	C:\Program Files\Android\Android Studio\jre\bin\msvcp140.dll
0x00007ffabe140000 - 0x00007ffabec25000 	C:\Program Files\Android\Android Studio\jre\bin\server\jvm.dll
0x00007ffb15ab0000 - 0x00007ffb15b5e000 	C:\WINDOWS\System32\ADVAPI32.dll
0x00007ffb17050000 - 0x00007ffb170ec000 	C:\WINDOWS\System32\sechost.dll
0x00007ffb15760000 - 0x00007ffb15885000 	C:\WINDOWS\System32\RPCRT4.dll
0x00007ffb15c30000 - 0x00007ffb15c38000 	C:\WINDOWS\System32\PSAPI.DLL
0x00007ffafd9e0000 - 0x00007ffafda07000 	C:\WINDOWS\SYSTEM32\WINMM.dll
0x00007ffaf7560000 - 0x00007ffaf7569000 	C:\WINDOWS\SYSTEM32\WSOCK32.dll
0x00007ffb0a7c0000 - 0x00007ffb0a7ca000 	C:\WINDOWS\SYSTEM32\VERSION.dll
0x00007ffb15b60000 - 0x00007ffb15bcb000 	C:\WINDOWS\System32\WS2_32.dll
0x00007ffb130c0000 - 0x00007ffb130d2000 	C:\WINDOWS\SYSTEM32\kernel.appcore.dll
0x00007ffb0eb20000 - 0x00007ffb0eb31000 	C:\Program Files\Android\Android Studio\jre\bin\verify.dll
0x00007ffb0f0f0000 - 0x00007ffb0f2d4000 	C:\WINDOWS\SYSTEM32\DBGHELP.DLL
0x00007ffaf25b0000 - 0x00007ffaf25dc000 	C:\WINDOWS\SYSTEM32\dbgcore.DLL
0x00007ffb14b70000 - 0x00007ffb14bf2000 	C:\WINDOWS\System32\bcryptPrimitives.dll
0x00007ffb0ea80000 - 0x00007ffb0eaa9000 	C:\Program Files\Android\Android Studio\jre\bin\java.dll
0x00007ffb0ce30000 - 0x00007ffb0ce3b000 	C:\Program Files\Android\Android Studio\jre\bin\jimage.dll
0x00007ffb0cdb0000 - 0x00007ffb0cdc8000 	C:\Program Files\Android\Android Studio\jre\bin\zip.dll
0x00007ffb16750000 - 0x00007ffb16e94000 	C:\WINDOWS\System32\SHELL32.dll
0x00007ffb12910000 - 0x00007ffb130a4000 	C:\WINDOWS\SYSTEM32\windows.storage.dll
0x00007ffb15370000 - 0x00007ffb156c5000 	C:\WINDOWS\System32\combase.dll
0x00007ffb14220000 - 0x00007ffb1424e000 	C:\WINDOWS\SYSTEM32\Wldp.dll
0x00007ffb151a0000 - 0x00007ffb1524d000 	C:\WINDOWS\System32\SHCORE.dll
0x00007ffb15fb0000 - 0x00007ffb16005000 	C:\WINDOWS\System32\shlwapi.dll
0x00007ffb14780000 - 0x00007ffb1479f000 	C:\WINDOWS\SYSTEM32\profapi.dll
0x00007ffb0a6f0000 - 0x00007ffb0a70a000 	C:\Program Files\Android\Android Studio\jre\bin\net.dll
0x00007ffb0bc60000 - 0x00007ffb0bd6c000 	C:\WINDOWS\SYSTEM32\WINHTTP.dll
0x00007ffb13f20000 - 0x00007ffb13f8a000 	C:\WINDOWS\system32\mswsock.dll
0x00007ffb07ad0000 - 0x00007ffb07ae4000 	C:\Program Files\Android\Android Studio\jre\bin\nio.dll
0x00007ffb079b0000 - 0x00007ffb079d7000 	C:\Users\Serah Busu Sanga\.gradle\native\e1d6ef7f7dcc3fd88c89a11ec53ec762bb8ba0a96d01ffa2cd45eb1d1d8dd5c5\windows-amd64\native-platform.dll
0x00007ffadb3b0000 - 0x00007ffadb4f4000 	C:\Users\Serah Busu Sanga\.gradle\native\5664cfc778a61ccfe75a443a1ab52a65af34e5dc3c78e0209fed803814484fcb\windows-amd64\native-platform-file-events.dll
0x00007ffb0aa90000 - 0x00007ffb0aa9a000 	C:\Program Files\Android\Android Studio\jre\bin\management.dll
0x00007ffb0aa60000 - 0x00007ffb0aa6d000 	C:\Program Files\Android\Android Studio\jre\bin\management_ext.dll
0x00007ffb14170000 - 0x00007ffb14188000 	C:\WINDOWS\SYSTEM32\CRYPTSP.dll
0x00007ffb138a0000 - 0x00007ffb138d4000 	C:\WINDOWS\system32\rsaenh.dll
0x00007ffb15150000 - 0x00007ffb15177000 	C:\WINDOWS\System32\bcrypt.dll
0x00007ffb14700000 - 0x00007ffb1472e000 	C:\WINDOWS\SYSTEM32\USERENV.dll
0x00007ffb14190000 - 0x00007ffb1419c000 	C:\WINDOWS\SYSTEM32\CRYPTBASE.dll
0x00007ffb13c10000 - 0x00007ffb13c4b000 	C:\WINDOWS\SYSTEM32\IPHLPAPI.DLL
0x00007ffb161c0000 - 0x00007ffb161c8000 	C:\WINDOWS\System32\NSI.dll
0x00007ffb03030000 - 0x00007ffb03047000 	C:\WINDOWS\SYSTEM32\dhcpcsvc6.DLL
0x00007ffb05f90000 - 0x00007ffb05fad000 	C:\WINDOWS\SYSTEM32\dhcpcsvc.DLL
0x00007ffb13ca0000 - 0x00007ffb13d6b000 	C:\WINDOWS\SYSTEM32\DNSAPI.dll

dbghelp: loaded successfully - version: 4.0.5 - missing functions: none
symbol engine: initialized successfully - sym options: 0x614 - pdb path: .;C:\Program Files\Android\Android Studio\jre\bin;C:\WINDOWS\SYSTEM32;C:\WINDOWS\WinSxS\amd64_microsoft.windows.common-controls_6595b64144ccf1df_6.0.19041.1110_none_60b5254171f9507e;C:\Program Files\Android\Android Studio\jre\bin\server;C:\Users\Serah Busu Sanga\.gradle\native\e1d6ef7f7dcc3fd88c89a11ec53ec762bb8ba0a96d01ffa2cd45eb1d1d8dd5c5\windows-amd64;C:\Users\Serah Busu Sanga\.gradle\native\5664cfc778a61ccfe75a443a1ab52a65af34e5dc3c78e0209fed803814484fcb\windows-amd64

VM Arguments:
jvm_args: --add-opens=java.base/java.util=ALL-UNNAMED --add-opens=java.base/java.lang=ALL-UNNAMED --add-opens=java.base/java.lang.invoke=ALL-UNNAMED --add-opens=java.base/java.util=ALL-UNNAMED --add-opens=java.prefs/java.util.prefs=ALL-UNNAMED --add-opens=java.prefs/java.util.prefs=ALL-UNNAMED --add-opens=java.base/java.nio.charset=ALL-UNNAMED --add-opens=java.base/java.net=ALL-UNNAMED --add-opens=java.base/java.util.concurrent.atomic=ALL-UNNAMED -Xmx2048m -Dfile.encoding=UTF-8 -Duser.country=US -Duser.language=en -Duser.variant 
java_command: org.gradle.launcher.daemon.bootstrap.GradleDaemon 7.3
java_class_path (initial): C:\Users\Serah Busu Sanga\.gradle\wrapper\dists\gradle-7.3-bin\ddwl0k7mt9g6ak16i1m905vyv\gradle-7.3\lib\gradle-launcher-7.3.jar
Launcher Type: SUN_STANDARD

[Global flags]
     intx CICompilerCount                          = 4                                         {product} {ergonomic}
     uint ConcGCThreads                            = 2                                         {product} {ergonomic}
     uint G1ConcRefinementThreads                  = 8                                         {product} {ergonomic}
   size_t G1HeapRegionSize                         = 1048576                                   {product} {ergonomic}
    uintx GCDrainStackTargetSize                   = 64                                        {product} {ergonomic}
   size_t InitialHeapSize                          = 132120576                                 {product} {ergonomic}
   size_t MarkStackSize                            = 4194304                                   {product} {ergonomic}
   size_t MaxHeapSize                              = 2147483648                                {product} {command line}
   size_t MaxNewSize                               = 1287651328                                {product} {ergonomic}
   size_t MinHeapDeltaBytes                        = 1048576                                   {product} {ergonomic}
    uintx NonNMethodCodeHeapSize                   = 5836300                                {pd product} {ergonomic}
    uintx NonProfiledCodeHeapSize                  = 122910970                              {pd product} {ergonomic}
    uintx ProfiledCodeHeapSize                     = 122910970                              {pd product} {ergonomic}
    uintx ReservedCodeCacheSize                    = 251658240                              {pd product} {ergonomic}
     bool SegmentedCodeCache                       = true                                      {product} {ergonomic}
     bool UseCompressedClassPointers               = true                                 {lp64_product} {ergonomic}
     bool UseCompressedOops                        = true                                 {lp64_product} {ergonomic}
     bool UseG1GC                                  = true                                      {product} {ergonomic}
     bool UseLargePagesIndividualAllocation        = false                                  {pd product} {ergonomic}

Logging:
Log output configuration:
 #0: stdout all=warning uptime,level,tags
 #1: stderr all=off uptime,level,tags

Environment Variables:
PATH=C:\Program Files\Common Files\Oracle\Java\javapath;C:\Program Files\Microsoft MPI\Bin\;C:\Users\MyDatabase\dbhomeXE\bin;C:\Program Files (x86)\Intel\Intel(R) Management Engine Components\iCLS\;C:\Program Files\Intel\Intel(R) Management Engine Components\iCLS\;C:\WINDOWS\system32;C:\WINDOWS;C:\WINDOWS\System32\Wbem;C:\WINDOWS\System32\WindowsPowerShell\v1.0\;C:\WINDOWS\System32\OpenSSH\;C:\Program Files (x86)\Intel\Intel(R) Management Engine Components\DAL;C:\Program Files\Intel\Intel(R) Management Engine Components\DAL;C:\Program Files\Intel\WiFi\bin\;C:\Program Files\Common Files\Intel\WirelessCommon\;C:\Program Files\Microsoft SQL Server\130\Tools\Binn\;C:\Program Files\dotnet\;C:\Program Files (x86)\dotnet\;C:\Program Files\Git\cmd;C:\Users\Serah Busu Sanga\AppData\Local\Microsoft\WindowsApps;C:\Users\Serah Busu Sanga\.dotnet\tools;C:\Program Files\JetBrains\IntelliJ IDEA Community Edition 2021.2.2\bin;;C:\Program Files\JetBrains\IntelliJ IDEA 2021.2.2\bin;
USERNAME=Serah Busu Sanga
OS=Windows_NT
PROCESSOR_IDENTIFIER=Intel64 Family 6 Model 142 Stepping 10, GenuineIntel



---------------  S Y S T E M  ---------------

OS: Windows 10 , 64 bit Build 19041 (10.0.19041.1503)
OS uptime: 1 days 21:11 hours

CPU:total 8 (initial active 8) (4 cores per cpu, 2 threads per core) family 6 model 142 stepping 10 microcode 0xb4, cmov, cx8, fxsr, mmx, sse, sse2, sse3, ssse3, sse4.1, sse4.2, popcnt, avx, avx2, aes, clmul, erms, 3dnowpref, lzcnt, ht, tsc, tscinvbit, bmi1, bmi2, adx, fma

Memory: 4k page, system-wide physical 8048M (254M free)
TotalPageFile size 19392M (AvailPageFile size 17M)
current process WorkingSet (physical memory assigned to process): 284M, peak: 292M
current process commit charge ("private bytes"): 353M, peak: 365M

vm_info: OpenJDK 64-Bit Server VM (11.0.12+7-b1504.28-7817840) for windows-amd64 JRE (11.0.12+7-b1504.28-7817840), built on Oct 13 2021 22:12:33 by "builder" with MS VC++ 14.0 (VS2015)

END.
